Using pre-set license
Built from '2020.2/release' branch; Version is '2020.2.1f1 (270dd8c3da1c) revision 2559448'; Using compiler version '192528614'; Build Type 'Release'
OS: 'Windows 10  (10.0.0) 64bit' Language: 'en' Physical Memory: 20396 MB
BatchMode: 1, IsHumanControllingUs: 0, StartBugReporterOnCrash: 0, Is64bit: 1, IsPro: 0

 COMMAND LINE ARGUMENTS:
C:\UnityProjects\2020.2.1f1\Editor\Unity.exe
-adb2
-batchMode
-noUpm
-name
AssetImportWorker0
-projectPath
C:/UnityProjects/Scooby
-logFile
Logs/AssetImportWorker0.log
-srvPort
58499
Successfully changed project path to: C:/UnityProjects/Scooby
C:/UnityProjects/Scooby
Using Asset Import Pipeline V2.
Refreshing native plugins compatible for Editor in 24.80 ms, found 0 plugins.
Preloading 0 native plugins for Editor in 0.00 ms.
Initialize engine version: 2020.2.1f1 (270dd8c3da1c)
[Subsystems] Discovering subsystems at path C:/UnityProjects/2020.2.1f1/Editor/Data/Resources/UnitySubsystems
[Subsystems] Discovering subsystems at path C:/UnityProjects/Scooby/Assets
GfxDevice: creating device client; threaded=0
Direct3D:
    Version:  Direct3D 11.0 [level 11.1]
    Renderer: Intel(R) UHD Graphics 620 (ID=0x5917)
    Vendor:   
    VRAM:     10198 MB
    Driver:   27.20.100.9466
Initialize mono
Mono path[0] = 'C:/UnityProjects/2020.2.1f1/Editor/Data/Managed'
Mono path[1] = 'C:/UnityProjects/2020.2.1f1/Editor/Data/MonoBleedingEdge/lib/mono/unityjit'
Mono config path = 'C:/UnityProjects/2020.2.1f1/Editor/Data/MonoBleedingEdge/etc'
Using monoOptions --debugger-agent=transport=dt_socket,embedding=1,server=y,suspend=n,address=127.0.0.1:56036
Begin MonoManager ReloadAssembly
Registering precompiled unity dll's ...
Register platform support module: C:/UnityProjects/2020.2.1f1/Editor/Data/PlaybackEngines/WebGLSupport/UnityEditor.WebGL.Extensions.dll
Register platform support module: C:/UnityProjects/2020.2.1f1/Editor/Data/PlaybackEngines/WindowsStandaloneSupport/UnityEditor.WindowsStandalone.Extensions.dll
Registered in 0.002676 seconds.
Native extension for WindowsStandalone target not found
Native extension for WebGL target not found
Refreshing native plugins compatible for Editor in 24.53 ms, found 0 plugins.
Preloading 0 native plugins for Editor in 0.00 ms.
Invoked RoslynAnalysisRunner static constructor.
RoslynAnalysisRunner will not be running.
RoslynAnalysisRunner has terminated.
Mono: successfully reloaded assembly
- Completed reload, in  1.769 seconds
Platform modules already initialized, skipping
Registering precompiled user dll's ...
Registered in 0.000872 seconds.
Begin MonoManager ReloadAssembly
Native extension for WindowsStandalone target not found
Native extension for WebGL target not found
Refreshing native plugins compatible for Editor in 0.27 ms, found 0 plugins.
Preloading 0 native plugins for Editor in 0.00 ms.
Invoked RoslynAnalysisRunner static constructor.
RoslynAnalysisRunner will not be running.
RoslynAnalysisRunner has terminated.
Mono: successfully reloaded assembly
- Completed reload, in  1.001 seconds
Platform modules already initialized, skipping
========================================================================
Worker process is ready to serve import requests
Launched and connected shader compiler UnityShaderCompiler.exe after 0.03 seconds
Refreshing native plugins compatible for Editor in 0.22 ms, found 0 plugins.
Preloading 0 native plugins for Editor in 0.00 ms.
Unloading 1094 Unused Serialized files (Serialized files now loaded: 0)
System memory in use before: 56.3 MB.
System memory in use after: 56.4 MB.

Unloading 10 unused Assets to reduce memory usage. Loaded Objects now: 1535.
Total: 2.042900 ms (FindLiveObjects: 0.210100 ms CreateObjectMapping: 0.075800 ms MarkObjects: 1.691200 ms  DeleteObjects: 0.064600 ms)

========================================================================
Received Import Request.
  path: Assets
  artifactKey: Guid(00000000000000001000000000000000) Importer(815301076,1909f56bfc062723c751e8b465ee728b)
Start importing Assets using Guid(00000000000000001000000000000000) Importer(815301076,1909f56bfc062723c751e8b465ee728b)  -> (artifact id: 'e1a2c4dac9df7c17871e19a3b74f0e9f') in 0.009484 seconds
  Import took 0.012119 seconds .

========================================================================
Received Import Request.
  Time since last request: 1.714125 seconds.
  path: Assets/Floor.mat
  artifactKey: Guid(e26730ec68774d446807c593b2d54470) Importer(815301076,1909f56bfc062723c751e8b465ee728b)
Start importing Assets/Floor.mat using Guid(e26730ec68774d446807c593b2d54470) Importer(815301076,1909f56bfc062723c751e8b465ee728b)  -> (artifact id: 'b53c735beca5f57be64cb769e9293d63') in 0.190332 seconds
  Import took 0.193190 seconds .

========================================================================
Received Import Request.
  Time since last request: 96.295710 seconds.
  path: Assets/Floor.mat
  artifactKey: Guid(e26730ec68774d446807c593b2d54470) Importer(815301076,1909f56bfc062723c751e8b465ee728b)
Start importing Assets/Floor.mat using Guid(e26730ec68774d446807c593b2d54470) Importer(815301076,1909f56bfc062723c751e8b465ee728b)  -> (artifact id: '7c3c8e9ec13bcbd8c2e765c197d911c0') in 0.022180 seconds
  Import took 0.025758 seconds .

========================================================================
Received Import Request.
  Time since last request: 230.018125 seconds.
  path: Assets/SkinnyPlatform.prefab
  artifactKey: Guid(2af462e1e6bbd6642a132fd74d4dab31) Importer(815301076,1909f56bfc062723c751e8b465ee728b)
Start importing Assets/SkinnyPlatform.prefab using Guid(2af462e1e6bbd6642a132fd74d4dab31) Importer(815301076,1909f56bfc062723c751e8b465ee728b)  -> (artifact id: 'b8e8b62e7ba7c5ae7792caaa87a7cf18') in 0.041474 seconds
  Import took 0.044692 seconds .

